<?xml version="1.0" encoding="UTF-8"?>
<!-- Generated by org.testng.reporters.JUnitReportReporter -->
<testsuite hostname="ATMECSINLT-1155" failures="0" tests="5" name="pages.LoginPage" time="24.102" errors="0" timestamp="2022-07-29T10:46:29 GMT+05:30" skipped="0">
  <testcase classname="pages.LoginPage" name="dataProvider" time="8.494"/>
  <system-out/>
  <testcase classname="pages.LoginPage" name="dataProvider" time="3.440"/>
  <system-out/>
  <testcase classname="pages.LoginPage" name="chromeTest" time="4.292"/>
  <system-out/>
  <testcase classname="pages.LoginPage" name="firefoxTest" time="4.301"/>
  <system-out/>
  <testcase classname="pages.LoginPage" name="dataProvider" time="3.575"/>
  <system-out/>
</testsuite> <!-- pages.LoginPage -->
