<?xml version="1.0" encoding="UTF-8"?>
<!-- Generated by org.testng.reporters.JUnitReportReporter -->
<testsuite hostname="ATMECSINLT-1155" failures="0" tests="2" name="common.ParallelTest" time="3.007" errors="0" timestamp="2022-07-28T10:42:36 GMT+05:30" skipped="0">
  <testcase classname="common.ParallelTest" name="run" time="0.227"/>
  <system-out/>
  <testcase classname="common.ParallelTest" name="selectBrowser" time="2.780"/>
  <system-out/>
</testsuite> <!-- common.ParallelTest -->
