<?xml version="1.0" encoding="UTF-8"?>
<!-- Generated by org.testng.reporters.JUnitReportReporter -->
<testsuite hostname="ATMECSINLT-1155" failures="0" tests="1" name="tests.TestCases" time="0.006" errors="0" timestamp="2022-07-27T22:56:45 GMT+05:30" skipped="0">
  <testcase classname="tests.TestCases" name="run" time="0.006"/>
  <system-out/>
</testsuite> <!-- tests.TestCases -->
